2018-10-19 18:55:09,375 CRIT Supervisor is running as root.  Privileges were not dropped because no user is specified in the config file.  If you intend to run as root, you can set user=root in the config file to avoid this message.
2018-10-19 18:55:09,420 INFO RPC interface 'supervisor' initialized
2018-10-19 18:55:09,420 CRIT Server 'inet_http_server' running without any HTTP authentication checking
2018-10-19 18:55:09,423 INFO daemonizing the supervisord process
2018-10-19 18:55:09,425 INFO supervisord started with pid 11557
2018-10-19 18:55:10,442 INFO spawned: 'todo-django' with pid 11558
2018-10-19 18:55:12,126 INFO success: todo-django entered RUNNING state, process has stayed up for > than 1 seconds (startsecs)
2018-10-19 18:55:16,205 INFO exited: todo-django (exit status 1; not expected)
2018-10-19 18:55:17,211 INFO spawned: 'todo-django' with pid 11561
2018-10-19 18:55:18,897 INFO success: todo-django entered RUNNING state, process has stayed up for > than 1 seconds (startsecs)
2018-10-19 18:55:22,977 INFO exited: todo-django (exit status 1; not expected)
2018-10-19 18:55:23,982 INFO spawned: 'todo-django' with pid 11564
2018-10-19 18:55:25,670 INFO success: todo-django entered RUNNING state, process has stayed up for > than 1 seconds (startsecs)
2018-10-19 18:55:29,750 INFO exited: todo-django (exit status 1; not expected)
2018-10-19 18:55:30,075 INFO spawned: 'todo-django' with pid 11567
2018-10-19 18:55:31,768 INFO success: todo-django entered RUNNING state, process has stayed up for > than 1 seconds (startsecs)
2018-10-19 18:55:35,846 INFO exited: todo-django (exit status 1; not expected)
2018-10-19 18:55:36,851 INFO spawned: 'todo-django' with pid 11570
2018-10-19 18:55:38,539 INFO success: todo-django entered RUNNING state, process has stayed up for > than 1 seconds (startsecs)
2018-10-19 18:55:42,618 INFO exited: todo-django (exit status 1; not expected)
2018-10-19 18:55:43,624 INFO spawned: 'todo-django' with pid 11573
2018-10-19 18:55:45,310 INFO success: todo-django entered RUNNING state, process has stayed up for > than 1 seconds (startsecs)
2018-10-19 18:55:49,391 INFO exited: todo-django (exit status 1; not expected)
2018-10-19 18:55:50,396 INFO spawned: 'todo-django' with pid 11576
2018-10-19 18:55:52,085 INFO success: todo-django entered RUNNING state, process has stayed up for > than 1 seconds (startsecs)
2018-10-19 18:55:56,165 INFO exited: todo-django (exit status 1; not expected)
2018-10-19 18:55:57,170 INFO spawned: 'todo-django' with pid 11579
2018-10-19 18:55:58,859 INFO success: todo-django entered RUNNING state, process has stayed up for > than 1 seconds (startsecs)
2018-10-19 18:56:02,940 INFO exited: todo-django (exit status 1; not expected)
2018-10-19 18:56:03,945 INFO spawned: 'todo-django' with pid 11583
2018-10-19 18:56:05,631 INFO success: todo-django entered RUNNING state, process has stayed up for > than 1 seconds (startsecs)
2018-10-19 18:56:09,710 INFO exited: todo-django (exit status 1; not expected)
2018-10-19 18:56:10,716 INFO spawned: 'todo-django' with pid 11587
2018-10-19 18:56:12,406 INFO success: todo-django entered RUNNING state, process has stayed up for > than 1 seconds (startsecs)
2018-10-19 18:56:16,485 INFO exited: todo-django (exit status 1; not expected)
2018-10-19 18:56:17,491 INFO spawned: 'todo-django' with pid 11590
2018-10-19 18:56:19,179 INFO success: todo-django entered RUNNING state, process has stayed up for > than 1 seconds (startsecs)
2018-10-19 18:56:23,259 INFO exited: todo-django (exit status 1; not expected)
2018-10-19 18:56:24,265 INFO spawned: 'todo-django' with pid 11593
2018-10-19 18:56:25,950 INFO success: todo-django entered RUNNING state, process has stayed up for > than 1 seconds (startsecs)
2018-10-19 18:56:30,029 INFO exited: todo-django (exit status 1; not expected)
2018-10-19 18:56:31,035 INFO spawned: 'todo-django' with pid 11596
2018-10-19 18:56:32,722 INFO success: todo-django entered RUNNING state, process has stayed up for > than 1 seconds (startsecs)
2018-10-19 18:56:36,801 INFO exited: todo-django (exit status 1; not expected)
2018-10-19 18:56:37,807 INFO spawned: 'todo-django' with pid 11599
2018-10-19 18:56:39,496 INFO success: todo-django entered RUNNING state, process has stayed up for > than 1 seconds (startsecs)
2018-10-19 18:56:43,577 INFO exited: todo-django (exit status 1; not expected)
2018-10-19 18:56:44,582 INFO spawned: 'todo-django' with pid 11602
2018-10-19 18:56:46,270 INFO success: todo-django entered RUNNING state, process has stayed up for > than 1 seconds (startsecs)
2018-10-19 18:56:50,350 INFO exited: todo-django (exit status 1; not expected)
2018-10-19 18:56:50,360 INFO spawned: 'todo-django' with pid 11605
2018-10-19 18:56:52,051 INFO success: todo-django entered RUNNING state, process has stayed up for > than 1 seconds (startsecs)
2018-10-19 18:56:56,132 INFO exited: todo-django (exit status 1; not expected)
2018-10-19 18:56:56,525 INFO spawned: 'todo-django' with pid 11608
2018-10-19 18:56:57,584 INFO success: todo-django entered RUNNING state, process has stayed up for > than 1 seconds (startsecs)
2018-10-19 18:57:02,305 INFO exited: todo-django (exit status 1; not expected)
2018-10-19 18:57:03,311 INFO spawned: 'todo-django' with pid 11611
2018-10-19 18:57:04,997 INFO success: todo-django entered RUNNING state, process has stayed up for > than 1 seconds (startsecs)
2018-10-19 18:57:09,076 INFO exited: todo-django (exit status 1; not expected)
2018-10-19 18:57:10,082 INFO spawned: 'todo-django' with pid 11614
2018-10-19 18:57:11,766 INFO success: todo-django entered RUNNING state, process has stayed up for > than 1 seconds (startsecs)
2018-10-19 18:57:15,845 INFO exited: todo-django (exit status 1; not expected)
2018-10-19 18:57:16,851 INFO spawned: 'todo-django' with pid 11617
2018-10-19 18:57:18,539 INFO success: todo-django entered RUNNING state, process has stayed up for > than 1 seconds (startsecs)
2018-10-19 18:57:22,619 INFO exited: todo-django (exit status 1; not expected)
2018-10-19 18:57:23,624 INFO spawned: 'todo-django' with pid 11621
2018-10-19 18:57:25,313 INFO success: todo-django entered RUNNING state, process has stayed up for > than 1 seconds (startsecs)
2018-10-19 18:57:29,392 INFO exited: todo-django (exit status 1; not expected)
2018-10-19 18:57:30,398 INFO spawned: 'todo-django' with pid 11624
2018-10-19 18:57:32,083 INFO success: todo-django entered RUNNING state, process has stayed up for > than 1 seconds (startsecs)
2018-10-19 18:57:36,163 INFO exited: todo-django (exit status 1; not expected)
2018-10-19 18:57:37,169 INFO spawned: 'todo-django' with pid 11627
2018-10-19 18:57:38,858 INFO success: todo-django entered RUNNING state, process has stayed up for > than 1 seconds (startsecs)
2018-10-19 18:57:42,937 INFO exited: todo-django (exit status 1; not expected)
2018-10-19 18:57:43,943 INFO spawned: 'todo-django' with pid 11630
2018-10-19 18:57:45,631 INFO success: todo-django entered RUNNING state, process has stayed up for > than 1 seconds (startsecs)
2018-10-19 18:57:49,710 INFO exited: todo-django (exit status 1; not expected)
2018-10-19 18:57:50,716 INFO spawned: 'todo-django' with pid 11633
2018-10-19 18:57:52,407 INFO success: todo-django entered RUNNING state, process has stayed up for > than 1 seconds (startsecs)
2018-10-19 18:57:56,487 INFO exited: todo-django (exit status 1; not expected)
2018-10-19 18:57:57,493 INFO spawned: 'todo-django' with pid 11636
2018-10-19 18:57:59,179 INFO success: todo-django entered RUNNING state, process has stayed up for > than 1 seconds (startsecs)
2018-10-19 18:58:03,260 INFO exited: todo-django (exit status 1; not expected)
2018-10-19 18:58:04,265 INFO spawned: 'todo-django' with pid 11639
2018-10-19 18:58:05,952 INFO success: todo-django entered RUNNING state, process has stayed up for > than 1 seconds (startsecs)
2018-10-19 18:58:10,032 INFO exited: todo-django (exit status 1; not expected)
2018-10-19 18:58:11,038 INFO spawned: 'todo-django' with pid 11642
2018-10-19 18:58:12,726 INFO success: todo-django entered RUNNING state, process has stayed up for > than 1 seconds (startsecs)
2018-10-19 18:58:16,806 INFO exited: todo-django (exit status 1; not expected)
2018-10-19 18:58:17,812 INFO spawned: 'todo-django' with pid 11647
2018-10-19 18:58:19,503 INFO success: todo-django entered RUNNING state, process has stayed up for > than 1 seconds (startsecs)
2018-10-19 18:58:23,584 INFO exited: todo-django (exit status 1; not expected)
2018-10-19 18:58:24,589 INFO spawned: 'todo-django' with pid 11650
2018-10-19 18:58:26,277 INFO success: todo-django entered RUNNING state, process has stayed up for > than 1 seconds (startsecs)
2018-10-19 18:58:30,357 INFO exited: todo-django (exit status 1; not expected)
2018-10-19 18:58:31,363 INFO spawned: 'todo-django' with pid 11653
2018-10-19 18:58:33,054 INFO success: todo-django entered RUNNING state, process has stayed up for > than 1 seconds (startsecs)
2018-10-19 18:58:37,133 INFO exited: todo-django (exit status 1; not expected)
2018-10-19 18:58:38,138 INFO spawned: 'todo-django' with pid 11656
2018-10-19 18:58:39,829 INFO success: todo-django entered RUNNING state, process has stayed up for > than 1 seconds (startsecs)
2018-10-19 18:58:43,909 INFO exited: todo-django (exit status 1; not expected)
2018-10-19 18:58:44,915 INFO spawned: 'todo-django' with pid 11659
2018-10-19 18:58:46,600 INFO success: todo-django entered RUNNING state, process has stayed up for > than 1 seconds (startsecs)
2018-10-19 18:58:50,680 INFO exited: todo-django (exit status 1; not expected)
2018-10-19 18:58:51,685 INFO spawned: 'todo-django' with pid 11662
2018-10-19 18:58:53,372 INFO success: todo-django entered RUNNING state, process has stayed up for > than 1 seconds (startsecs)
2018-10-19 18:58:57,454 INFO exited: todo-django (exit status 1; not expected)
2018-10-19 18:58:58,460 INFO spawned: 'todo-django' with pid 11665
2018-10-19 18:59:00,149 INFO success: todo-django entered RUNNING state, process has stayed up for > than 1 seconds (startsecs)
2018-10-19 18:59:04,229 INFO exited: todo-django (exit status 1; not expected)
2018-10-19 18:59:05,234 INFO spawned: 'todo-django' with pid 11669
2018-10-19 18:59:06,923 INFO success: todo-django entered RUNNING state, process has stayed up for > than 1 seconds (startsecs)
2018-10-19 18:59:11,002 INFO exited: todo-django (exit status 1; not expected)
2018-10-19 18:59:12,008 INFO spawned: 'todo-django' with pid 11672
2018-10-19 18:59:13,696 INFO success: todo-django entered RUNNING state, process has stayed up for > than 1 seconds (startsecs)
2018-10-19 18:59:17,776 INFO exited: todo-django (exit status 1; not expected)
2018-10-19 18:59:18,781 INFO spawned: 'todo-django' with pid 11675
2018-10-19 18:59:20,470 INFO success: todo-django entered RUNNING state, process has stayed up for > than 1 seconds (startsecs)
2018-10-19 18:59:24,549 INFO exited: todo-django (exit status 1; not expected)
2018-10-19 18:59:25,555 INFO spawned: 'todo-django' with pid 11678
2018-10-19 18:59:27,241 INFO success: todo-django entered RUNNING state, process has stayed up for > than 1 seconds (startsecs)
2018-10-19 18:59:31,322 INFO exited: todo-django (exit status 1; not expected)
2018-10-19 18:59:32,328 INFO spawned: 'todo-django' with pid 11683
2018-10-19 18:59:34,020 INFO success: todo-django entered RUNNING state, process has stayed up for > than 1 seconds (startsecs)
2018-10-19 18:59:38,100 INFO exited: todo-django (exit status 1; not expected)
2018-10-19 18:59:39,105 INFO spawned: 'todo-django' with pid 11686
2018-10-19 18:59:40,794 INFO success: todo-django entered RUNNING state, process has stayed up for > than 1 seconds (startsecs)
2018-10-19 18:59:44,872 INFO exited: todo-django (exit status 1; not expected)
2018-10-19 18:59:45,878 INFO spawned: 'todo-django' with pid 11691
2018-10-19 18:59:47,566 INFO success: todo-django entered RUNNING state, process has stayed up for > than 1 seconds (startsecs)
2018-10-19 18:59:51,646 INFO exited: todo-django (exit status 1; not expected)
2018-10-19 18:59:52,652 INFO spawned: 'todo-django' with pid 11695
2018-10-19 18:59:54,337 INFO success: todo-django entered RUNNING state, process has stayed up for > than 1 seconds (startsecs)
2018-10-19 18:59:58,417 INFO exited: todo-django (exit status 1; not expected)
2018-10-19 18:59:59,422 INFO spawned: 'todo-django' with pid 11698
2018-10-19 19:00:01,112 INFO success: todo-django entered RUNNING state, process has stayed up for > than 1 seconds (startsecs)
2018-10-19 19:00:05,193 INFO exited: todo-django (exit status 1; not expected)
2018-10-19 19:00:06,198 INFO spawned: 'todo-django' with pid 11701
2018-10-19 19:00:07,884 INFO success: todo-django entered RUNNING state, process has stayed up for > than 1 seconds (startsecs)
2018-10-19 19:00:11,967 INFO exited: todo-django (exit status 1; not expected)
2018-10-19 19:00:12,973 INFO spawned: 'todo-django' with pid 11706
2018-10-19 19:00:14,664 INFO success: todo-django entered RUNNING state, process has stayed up for > than 1 seconds (startsecs)
2018-10-19 19:00:18,743 INFO exited: todo-django (exit status 1; not expected)
2018-10-19 19:00:19,749 INFO spawned: 'todo-django' with pid 11709
2018-10-19 19:00:21,436 INFO success: todo-django entered RUNNING state, process has stayed up for > than 1 seconds (startsecs)
2018-10-19 19:00:25,515 INFO exited: todo-django (exit status 1; not expected)
2018-10-19 19:00:26,521 INFO spawned: 'todo-django' with pid 11712
2018-10-19 19:00:28,212 INFO success: todo-django entered RUNNING state, process has stayed up for > than 1 seconds (startsecs)
2018-10-19 19:00:32,291 INFO exited: todo-django (exit status 1; not expected)
2018-10-19 19:00:33,297 INFO spawned: 'todo-django' with pid 11715
2018-10-19 19:00:34,990 INFO success: todo-django entered RUNNING state, process has stayed up for > than 1 seconds (startsecs)
2018-10-19 19:00:39,070 INFO exited: todo-django (exit status 1; not expected)
2018-10-19 19:00:40,076 INFO spawned: 'todo-django' with pid 11720
2018-10-19 19:00:41,768 INFO success: todo-django entered RUNNING state, process has stayed up for > than 1 seconds (startsecs)
2018-10-19 19:00:45,848 INFO exited: todo-django (exit status 1; not expected)
2018-10-19 19:00:46,854 INFO spawned: 'todo-django' with pid 11727
2018-10-19 19:00:46,927 CRIT Supervisor is running as root.  Privileges were not dropped because no user is specified in the config file.  If you intend to run as root, you can set user=root in the config file to avoid this message.
2018-10-19 19:00:48,551 INFO success: todo-django entered RUNNING state, process has stayed up for > than 1 seconds (startsecs)
2018-10-19 19:00:52,629 INFO exited: todo-django (exit status 1; not expected)
2018-10-19 19:00:53,635 INFO spawned: 'todo-django' with pid 11732
2018-10-19 19:00:55,322 INFO success: todo-django entered RUNNING state, process has stayed up for > than 1 seconds (startsecs)
2018-10-19 19:00:59,402 INFO exited: todo-django (exit status 1; not expected)
2018-10-19 19:01:00,407 INFO spawned: 'todo-django' with pid 11735
2018-10-19 19:01:02,095 INFO success: todo-django entered RUNNING state, process has stayed up for > than 1 seconds (startsecs)
2018-10-19 19:01:02,637 WARN received SIGQUIT indicating exit request
2018-10-19 19:01:02,637 INFO waiting for todo-django to die
2018-10-19 19:01:06,103 INFO waiting for todo-django to die
2018-10-19 19:01:06,174 INFO stopped: todo-django (exit status 1)
2018-10-19 19:01:08,015 CRIT Supervisor is running as root.  Privileges were not dropped because no user is specified in the config file.  If you intend to run as root, you can set user=root in the config file to avoid this message.
2018-10-19 19:01:08,042 INFO RPC interface 'supervisor' initialized
2018-10-19 19:01:08,043 CRIT Server 'inet_http_server' running without any HTTP authentication checking
2018-10-19 19:01:08,046 INFO daemonizing the supervisord process
2018-10-19 19:01:08,047 INFO supervisord started with pid 11744
2018-10-19 19:01:09,053 INFO spawned: 'sistema_evaluacion_codigo' with pid 11745
2018-10-19 19:01:10,739 INFO success: sistema_evaluacion_codigo entered RUNNING state, process has stayed up for > than 1 seconds (startsecs)
2018-10-19 19:01:14,819 INFO exited: sistema_evaluacion_codigo (exit status 1; not expected)
2018-10-19 19:01:15,824 INFO spawned: 'sistema_evaluacion_codigo' with pid 11748
2018-10-19 19:01:17,512 INFO success: sistema_evaluacion_codigo entered RUNNING state, process has stayed up for > than 1 seconds (startsecs)
2018-10-19 19:01:21,592 INFO exited: sistema_evaluacion_codigo (exit status 1; not expected)
2018-10-19 19:01:22,598 INFO spawned: 'sistema_evaluacion_codigo' with pid 11751
2018-10-19 19:01:24,289 INFO success: sistema_evaluacion_codigo entered RUNNING state, process has stayed up for > than 1 seconds (startsecs)
2018-10-19 19:01:28,368 INFO exited: sistema_evaluacion_codigo (exit status 1; not expected)
2018-10-19 19:01:29,374 INFO spawned: 'sistema_evaluacion_codigo' with pid 11754
2018-10-19 19:01:31,061 INFO success: sistema_evaluacion_codigo entered RUNNING state, process has stayed up for > than 1 seconds (startsecs)
2018-10-19 19:01:35,141 INFO exited: sistema_evaluacion_codigo (exit status 1; not expected)
2018-10-19 19:01:36,146 INFO spawned: 'sistema_evaluacion_codigo' with pid 11758
2018-10-19 19:01:37,834 INFO success: sistema_evaluacion_codigo entered RUNNING state, process has stayed up for > than 1 seconds (startsecs)
2018-10-19 19:01:41,913 INFO exited: sistema_evaluacion_codigo (exit status 1; not expected)
2018-10-19 19:01:42,919 INFO spawned: 'sistema_evaluacion_codigo' with pid 11761
2018-10-19 19:01:44,607 INFO success: sistema_evaluacion_codigo entered RUNNING state, process has stayed up for > than 1 seconds (startsecs)
2018-10-19 19:01:48,687 INFO exited: sistema_evaluacion_codigo (exit status 1; not expected)
2018-10-19 19:01:49,692 INFO spawned: 'sistema_evaluacion_codigo' with pid 11764
2018-10-19 19:01:51,382 INFO success: sistema_evaluacion_codigo entered RUNNING state, process has stayed up for > than 1 seconds (startsecs)
2018-10-19 19:01:55,462 INFO exited: sistema_evaluacion_codigo (exit status 1; not expected)
2018-10-19 19:01:56,467 INFO spawned: 'sistema_evaluacion_codigo' with pid 11767
2018-10-19 19:01:58,154 INFO success: sistema_evaluacion_codigo entered RUNNING state, process has stayed up for > than 1 seconds (startsecs)
2018-10-19 19:02:02,233 INFO exited: sistema_evaluacion_codigo (exit status 1; not expected)
2018-10-19 19:02:03,239 INFO spawned: 'sistema_evaluacion_codigo' with pid 11770
2018-10-19 19:02:04,927 INFO success: sistema_evaluacion_codigo entered RUNNING state, process has stayed up for > than 1 seconds (startsecs)
2018-10-19 19:02:09,006 INFO exited: sistema_evaluacion_codigo (exit status 1; not expected)
2018-10-19 19:02:10,012 INFO spawned: 'sistema_evaluacion_codigo' with pid 11773
2018-10-19 19:02:11,701 INFO success: sistema_evaluacion_codigo entered RUNNING state, process has stayed up for > than 1 seconds (startsecs)
2018-10-19 19:02:15,781 INFO exited: sistema_evaluacion_codigo (exit status 1; not expected)
2018-10-19 19:02:16,787 INFO spawned: 'sistema_evaluacion_codigo' with pid 11776
2018-10-19 19:02:18,473 INFO success: sistema_evaluacion_codigo entered RUNNING state, process has stayed up for > than 1 seconds (startsecs)
2018-10-19 19:02:22,562 INFO exited: sistema_evaluacion_codigo (exit status 1; not expected)
2018-10-19 19:02:23,567 INFO spawned: 'sistema_evaluacion_codigo' with pid 11780
2018-10-19 19:02:25,255 INFO success: sistema_evaluacion_codigo entered RUNNING state, process has stayed up for > than 1 seconds (startsecs)
2018-10-19 19:02:29,335 INFO exited: sistema_evaluacion_codigo (exit status 1; not expected)
2018-10-19 19:02:30,341 INFO spawned: 'sistema_evaluacion_codigo' with pid 11783
2018-10-19 19:02:32,030 INFO success: sistema_evaluacion_codigo entered RUNNING state, process has stayed up for > than 1 seconds (startsecs)
2018-10-19 19:02:36,109 INFO exited: sistema_evaluacion_codigo (exit status 1; not expected)
2018-10-19 19:02:37,115 INFO spawned: 'sistema_evaluacion_codigo' with pid 11786
2018-10-19 19:02:38,799 INFO success: sistema_evaluacion_codigo entered RUNNING state, process has stayed up for > than 1 seconds (startsecs)
2018-10-19 19:02:42,879 INFO exited: sistema_evaluacion_codigo (exit status 1; not expected)
2018-10-19 19:02:43,884 INFO spawned: 'sistema_evaluacion_codigo' with pid 11789
2018-10-19 19:02:45,573 INFO success: sistema_evaluacion_codigo entered RUNNING state, process has stayed up for > than 1 seconds (startsecs)
2018-10-19 19:02:49,652 INFO exited: sistema_evaluacion_codigo (exit status 1; not expected)
2018-10-19 19:02:50,658 INFO spawned: 'sistema_evaluacion_codigo' with pid 11794
2018-10-19 19:02:52,349 INFO success: sistema_evaluacion_codigo entered RUNNING state, process has stayed up for > than 1 seconds (startsecs)
2018-10-19 19:02:56,430 INFO exited: sistema_evaluacion_codigo (exit status 1; not expected)
2018-10-19 19:02:57,435 INFO spawned: 'sistema_evaluacion_codigo' with pid 11797
2018-10-19 19:02:59,120 INFO success: sistema_evaluacion_codigo entered RUNNING state, process has stayed up for > than 1 seconds (startsecs)
2018-10-19 19:03:03,200 INFO exited: sistema_evaluacion_codigo (exit status 1; not expected)
2018-10-19 19:03:04,206 INFO spawned: 'sistema_evaluacion_codigo' with pid 11800
2018-10-19 19:03:04,341 WARN received SIGQUIT indicating exit request
2018-10-19 19:03:04,341 INFO waiting for sistema_evaluacion_codigo to die
2018-10-19 19:03:04,343 INFO stopped: sistema_evaluacion_codigo (terminated by SIGTERM)
2018-10-19 19:03:10,874 CRIT Supervisor is running as root.  Privileges were not dropped because no user is specified in the config file.  If you intend to run as root, you can set user=root in the config file to avoid this message.
2018-10-19 19:03:10,900 INFO RPC interface 'supervisor' initialized
2018-10-19 19:03:10,901 CRIT Server 'inet_http_server' running without any HTTP authentication checking
2018-10-19 19:03:10,904 INFO daemonizing the supervisord process
2018-10-19 19:03:10,905 INFO supervisord started with pid 11807
2018-10-19 19:03:11,912 INFO spawned: 'sistema_evaluacion_codigo' with pid 11808
2018-10-19 19:03:13,604 INFO success: sistema_evaluacion_codigo entered RUNNING state, process has stayed up for > than 1 seconds (startsecs)
2018-10-19 19:05:06,883 INFO exited: sistema_evaluacion_codigo (exit status 0; expected)
2018-10-19 19:05:07,889 INFO spawned: 'sistema_evaluacion_codigo' with pid 11839
2018-10-19 19:05:09,590 INFO success: sistema_evaluacion_codigo entered RUNNING state, process has stayed up for > than 1 seconds (startsecs)
2018-10-19 19:30:37,261 INFO exited: sistema_evaluacion_codigo (exit status 0; expected)
2018-10-19 19:30:38,267 INFO spawned: 'sistema_evaluacion_codigo' with pid 11928
2018-10-19 19:30:39,965 INFO success: sistema_evaluacion_codigo entered RUNNING state, process has stayed up for > than 1 seconds (startsecs)
2018-10-19 20:52:42,072 INFO exited: sistema_evaluacion_codigo (exit status 0; expected)
2018-10-19 20:52:43,078 INFO spawned: 'sistema_evaluacion_codigo' with pid 12478
2018-10-19 20:52:44,782 INFO success: sistema_evaluacion_codigo entered RUNNING state, process has stayed up for > than 1 seconds (startsecs)
2018-11-02 18:13:22,299 WARN received SIGTERM indicating exit request
2018-11-02 18:13:22,300 INFO waiting for sistema_evaluacion_codigo to die
2018-11-02 18:13:22,324 WARN received SIGHUP indicating restart request
2018-11-02 18:13:23,183 INFO stopped: sistema_evaluacion_codigo (exit status 0)
2018-11-02 18:13:23,363 CRIT Supervisor is running as root.  Privileges were not dropped because no user is specified in the config file.  If you intend to run as root, you can set user=root in the config file to avoid this message.
2018-11-02 18:13:23,364 INFO RPC interface 'supervisor' initialized
2018-11-02 18:13:23,364 CRIT Server 'inet_http_server' running without any HTTP authentication checking
2018-11-02 18:13:23,365 INFO supervisord started with pid 11807
2018-11-02 18:13:24,369 INFO spawned: 'sistema_evaluacion_codigo' with pid 31393
2018-11-02 18:13:25,372 INFO success: sistema_evaluacion_codigo entered RUNNING state, process has stayed up for > than 1 seconds (startsecs)
